|SourceProjectName:tiwi Pro Portal.hpr
|DestinationProjectName:tiwi_Pro_Portal.htm
whhost.js
whmsg.js
whmozemu.js
whproxy.js
whstub.js
whutils.js
whver.js
whform.js
whphost.js
whstart.js
whtopic.js
whframes.js
whlang.js
whskin_info.htm
whskin_blank.htm
whskin_pickup.htm
whskin_homepage.htm
whskin_tw.htm
whnjs.htm
whthost.js
whtdhtml.htm
whihost.js
whibody.htm
whiform.htm
whfhost.js
whfbody.htm
whfform.htm
whghost.js
whgbody.htm
whgdhtml.htm
whgdef.htm
whproj.js
whproj.xml
whproj.htm
whxdata\whtoc.xml
whxdata\whidx.xml
whxdata\whglo.xml
whdata\whtoc.js
whdata\whtoc.htm
whdata\whtdata.js
whdata\whidx.js
whdata\whidx.htm
whdata\whidata.js
whdata\whglo.js
whdata\whglo.htm
whdata\whgdata.js
resource\resource.xml
whbrs.xml
whres.xml
whgdata\whnvp30.htm
whgdata\whnvp31.htm
whgdata\whnvp32.htm
whgdata\whnvp33.htm
whgdata\whnvt30.htm
whgdata\whnvt31.htm
whgdata\whnvt32.htm
whgdata\whnvt33.htm
whgdata\whnvf30.htm
whgdata\whnvf31.htm
whgdata\whnvf32.htm
whgdata\whnvf33.htm
whgdata\whnvl31.htm
whgdata\whnvl32.htm
whgdata\whnvl33.htm
whgdata\whexpbar.gif
cshdat_webhelp.htm
whcsh_home.htm
whcshdata.htm
cshdat_robohelp.htm
wht_tab0.gif
wht_tab1.gif
wht_tab2.gif
wht_tab3.gif
wht_tab4.gif
wht_tab5.gif
wht_tab6.gif
wht_tab7.gif
wht_tab8.gif
wht_glo_h.gif
wht_glo_n.gif
wht_fts_h.gif
wht_fts_n.gif
wht_idx_h.gif
wht_idx_n.gif
wht_toc_h.gif
wht_toc_n.gif
wht_ws.gif
wht_ws_g.gif
wht_logo1.gif
wht_logo2.gif
wht_abgw.jpg
wht_abgi.jpg
wht_abge.jpg
wht_abtw.jpg
wht_abte.jpg
wht_abti.jpg
wht_spac.gif
wht_next.gif
wht_next_g.gif
wht_prev.gif
wht_prev_g.gif
wht_sync.gif
wht_hide.gif
wht_go.gif
whstart.ico
whestart.ico
whrstart.ico
whidhtml.htm
whfdhtml.htm
whskin_banner.htm
whtbar.js
whskin_pdhtml.htm
whskin_plist.htm
whskin_tbars.htm
whskin_mbars.htm
wht_toc4.gif
wht_toc1.gif
wht_toc2.gif
wht_toc3.gif
whskin_frmset010.htm
whst_topics.xml
whskin_frmset01.htm
tiwi_Pro_Portal_hha.hhk
tiwi_Pro_Portal.hhc
tiwi_Pro_Portal.hhk
en\Add_Edit_a_Report.htm
en\Add_Edit_an_Organization.htm
en\Add_Zone_Alert.htm
en\Admin.htm
en\Admin_Add_Profile.htm
en\Admin_Add_User.htm
en\Admin_Add_Vehicle_-_Details.htm
en\Admin_Add_Zone.htm
en\Admin_Devices.htm
en\Admin_People.htm
en\Admin_Red_Flags.htm
en\Admin_Reports.htm
en\Admin_Vehicles.htm
en\Admin_Zone_Alert.htm
en\CrashHistory.htm
en\Devices.htm
en\Driver_Driving_Style.htm
en\Driver_Performance.htm
en\Driver_Seat_Belt.htm
en\Driver_Speed.htm
en\Driver_Trips.htm
en\Drivers.htm
en\Emergency.htm
en\Events.htm
en\Home.htm
en\Hot_Spots\_admin_speed_by_street-delete_hs.htm
en\Hot_Spots\AdAdmin_Zone_Alert_Name_Desc_Zone_hs.htm
en\Hot_Spots\Admin_Batch_Edit_hs.htm
en\Hot_Spots\Admin_Check_Box_hs.htm
en\Hot_Spots\Admin_Delete_hs.htm
en\Hot_Spots\Admin_Device_Add_Device_Assignment_hs.htm
en\Hot_Spots\Admin_Device_Add_Device_Information_hs.htm
en\Hot_Spots\Admin_Device_Add_Device_Profile_hs.htm
en\Hot_Spots\Admin_Device_Edit_Notification_Settings_hs.htm
en\Hot_Spots\Admin_Device_Edit_Sensitivity_hs.htm
en\Hot_Spots\Admin_Edit_Columns_hs.htm
en\Hot_Spots\Admin_Edit_hs.htm
en\Hot_Spots\Admin_Organizations_Add_Edit_Add_Group_hs.htm
en\Hot_Spots\Admin_Organizations_Add_Edit_Default_Map_View_hs.htm
en\Hot_Spots\Admin_Organizations_Add_Edit_Fleet_hs.htm
en\Hot_Spots\Admin_Red_Flag_Add_Assign_To_hs.htm
en\Hot_Spots\Admin_Red_Flag_Add_Name_Desc_Type_hs.htm
en\Hot_Spots\Admin_Red_Flag_Add_Notification_By_Name_hs.htm
en\Hot_Spots\Admin_Red_Flag_Add_Type_hs.htm
en\Hot_Spots\Admin_Reports_Add_Email_hs.htm
en\Hot_Spots\Admin_Reports_Add_Schedule_hs.htm
en\Hot_Spots\Admin_Reports_Add_Settings_hs.htm
en\Hot_Spots\Admin_Search_hs.htm
en\Hot_Spots\Admin_Speed_by_Street-Clear_All_hs.htm
en\Hot_Spots\Admin_Speed_by_Street-Delete_hs.htm
en\Hot_Spots\Admin_Speed_by_Street-Google_Search_hs.htm
en\Hot_Spots\Admin_Speed_by_Street-Map_hs.htm
en\Hot_Spots\Admin_Speed_by_Street-Map_Slider_hs.htm
en\Hot_Spots\Admin_Speed_by_Street-Map_View_hs.htm
en\Hot_Spots\Admin_Speed_by_Street-Search_hs.htm
en\Hot_Spots\Admin_Speed_by_Street-Submit_Request_hs.htm
en\Hot_Spots\Admin_User_Edit_Driver_Information_hs.htm.htm
en\Hot_Spots\Admin_User_Edit_Employee_Information_hs.htm
en\Hot_Spots\Admin_User_Edit_Login_Information_hs.htm
en\Hot_Spots\Admin_User_Edit_Notifications_hs.htm
en\Hot_Spots\Admin_User_Edit_User_Information_hs.htm
en\Hot_Spots\admin_vehicle_details-delete_hs.htm
en\Hot_Spots\admin_vehicle_details-edit_hs.htm
en\Hot_Spots\Admin_Vehicle_Edit_Details_Vehicle_Assignment_hs.htm
en\Hot_Spots\Admin_Vehicle_Edit_Details_Vehicle_Information_hs.htm
en\Hot_Spots\Admin_Vehicle_Edit_Details_Vehicle_Profile_hs.htm
en\Hot_Spots\Admin_Vehicle_Edit_Sensitivity_hs.htm
en\Hot_Spots\Admin_Vehicle_Edit_Speed_Notification_Settings_hs.htm
en\Hot_Spots\Admin_Zone_Add_Find_Address_hs.htm
en\Hot_Spots\Admin_Zone_Add_Map_hs.htm
en\Hot_Spots\Admin_Zone_Add_Naming_Field_hs.htm
en\Hot_Spots\Admin_Zone_Add_Save_Zone_hs.htm
en\Hot_Spots\Admin_Zone_Add_Shapes_hs.htm
en\Hot_Spots\Admin_Zone_Alert_Alert_Type_hs.htm
en\Hot_Spots\Admin_Zone_Alert_Assign_To_hs.htm
en\Hot_Spots\Admin_Zone_Alert_Notification_by_Name_hs.htm
en\Hot_Spots\Admin_Zones_Add_Alert_hs.htm
en\Hot_Spots\Admin_Zones_Add_Zone_hs.htm
en\Hot_Spots\admin_zones_dropdown_hs.htm
en\Hot_Spots\Admin_Zones_Map_hs.htm
en\Hot_Spots\Breakdown_Seat_Belt_Events_hs.htm
en\Hot_Spots\Breakdown_Seat_Belt_Top_hs.htm
en\Hot_Spots\Breakdown_Speed_Details_hs.htm
en\Hot_Spots\Breakdown_Speed_Events_hs.htm
en\Hot_Spots\Breakdown_Speed_Top_hs.htm
en\Hot_Spots\Breakdown_Style_Details_hs.htm
en\Hot_Spots\Breakdown_Style_Events_hs.htm
en\Hot_Spots\Breakdown_Style_Top_hs.htm
en\Hot_Spots\Cancel_hs.htm
en\Hot_Spots\Driver_Speed_Report-Overall_Score_hs.htm
en\Hot_Spots\Export_Options_hs.htm
en\Hot_Spots\Home_Crash_Stats_hs.htm
en\Hot_Spots\Home_Division_hs.htm
en\Hot_Spots\Home_Division_Legend_hs.htm
en\Hot_Spots\Home_Division_Map_hs.htm
en\Hot_Spots\Home_Fleet_Legend_hs.htm
en\Hot_Spots\Home_Idle_Percent_hs.htm
en\Hot_Spots\Home_Miles_Per_Gallon_hs.htm
en\Hot_Spots\Home_Overall_Score_hs.htm
en\Hot_Spots\Home_Speed_Percent_hs.htm
en\Hot_Spots\Home_Team_Diagnostics_hs.htm
en\Hot_Spots\Home_Team_Emergency_hs.htm
en\Hot_Spots\Home_Team_Map_hs.htm
en\Hot_Spots\Home_Team_Overview_hs.htm
en\Hot_Spots\Home_Team_Safety_Events_hs.htm
en\Hot_Spots\Home_Team_Table_hs.htm
en\Hot_Spots\Home_Team_Top_Bottom_hs.htm
en\Hot_Spots\Home_Trend_hs.htm
en\Hot_Spots\individual_driver_record-coaching_events_hs.htm
en\Hot_Spots\individual_driver_record-driving_style_hs.htm
en\Hot_Spots\individual_driver_record-last_trip_hs.htm
en\Hot_Spots\individual_driver_record-miles_per_gallon_hs.htm
en\Hot_Spots\individual_driver_record-seat_belt_hs.htm
en\Hot_Spots\individual_driver_report-speed_hs.htm
en\Hot_Spots\individual_driving_record-overall_score_hs.htm
en\Hot_Spots\Live_Fleet-Address_Lookup_hs.htm
en\Hot_Spots\Live_Fleet-Dispatch_hs.htm
en\Hot_Spots\Live_Fleet-Map_hs.htm
en\Hot_Spots\Live_Fleet-Map_Viewing_Options_hs.htm
en\Hot_Spots\Live_Fleet-Map_Zoom_and_Navigate_hs.htm
en\Hot_Spots\live_fleet_map_inset_hs.htm
en\Hot_Spots\Map_Slider_hs.htm
en\Hot_Spots\Map_View_hs.htm
en\Hot_Spots\Minimize_hs.htm
en\Hot_Spots\Navigation_hs.htm
en\Hot_Spots\Performance_Coaching_Events_hs.htm
en\Hot_Spots\Performance_Crash_Stats_hs.htm
en\Hot_Spots\Performance_Driving_Style_hs.htm
en\Hot_Spots\Performance_Last_Trip_hs.htm
en\Hot_Spots\Performance_MPG_hs.htm
en\Hot_Spots\Performance_Overall_Score_hs.htm
en\Hot_Spots\Performance_Seat_Belt_hs.htm
en\Hot_Spots\Performance_Speed_hs.htm
en\Hot_Spots\Red_Flags_Columns_hs.htm
en\Hot_Spots\Reports_Devices_Columns_hs.htm
en\Hot_Spots\Reports_Drivers_Columns_hs.htm
en\Hot_Spots\Reports_Edit_Columns_hs.htm
en\Hot_Spots\Reports_Idling_Columns.htm
en\Hot_Spots\Reports_Idling_Date_Range_hs.htm
en\Hot_Spots\Reports_Refresh_hs.htm
en\Hot_Spots\Reports_Search_hs.htm
en\Hot_Spots\Reports_Vehicles_Columns_hs.htm
en\Hot_Spots\Save_hs.htm
en\Hot_Spots\sbs_change_request_hs.htm
en\Hot_Spots\Trips_Date_Range_hs.htm
en\Hot_Spots\Trips_Events_hs.htm
en\Hot_Spots\Trips_Legend_hs.htm
en\Hot_Spots\Trips_Map_hs.htm
en\Hot_Spots\Trips_Settings_hs.htm
en\Hot_Spots\Trips_Stats_hs.htm
en\Hot_Spots\Trips_Trips_By_hs.htm
en\Hot_Spots\Warnings_-_Columns_hs.htm
en\Idling.htm
en\Live_Fleet.htm
en\My_Account.htm
en\Notifications.htm
en\Organization.htm
en\OverviewDivision.htm
en\OverviewFleet.htm
en\OverviewTeam.htm
en\RedFlags.htm
en\Reports.htm
en\Speed_by_Street.htm
en\toolbar.htm
en\Vehicle_Driving_Style.htm
en\Vehicle_Performance.htm
en\Vehicle_Seat_Belt.htm
en\Vehicle_Speed.htm
en\Vehicle_Trips.htm
en\Vehicles.htm
en\Warnings.htm
en\Welcome.htm
en\Zones.htm
RoboHHRE.lng
tiwi_Pro_Portal.glo
tiwi.css
default.css
hotspots.css
en\images\vehicle_speed.jpg
en\images\driver_performance.jpg
en\images\admin_vehicle_add.jpg
en\images\admin_vehicles.jpg
en\images\admin_report_batch.jpg
en\images\admin_vehicle_batch.jpg
en\images\vehicle_report.jpg
en\images\admin_organization_add.jpg
en\images\devices.jpg
en\images\admin_zone_alert_batch.jpg
en\images\export_options.jpg
en\images\events.jpg
en\images\live_fleet.jpg
en\images\admin_red_flags_batch.jpg
en\images\admin_organization.jpg
en\images\driver_seatbelt.jpg
en\images\home_division.jpg
pointer_icon.bmp
en\images\admin_user_batch.jpg
en\images\change_password.jpg
en\images\admin_speed_by_street_zoom.jpg
en\images\admin_red_flags_add.jpg
en\images\redflags_columns.jpg
en\images\device_columns.jpg
en\images\my_account.jpg
en\images\admin_reports.jpg
en\images\home_fleet.jpg
en\images\diagnostics.jpg
en\images\emergency.jpg
en\images\toolbar.jpg
en\images\idling_columns.jpg
en\images\drivers.jpg
en\images\crash.jpg
en\images\admin_zones.jpg
en\images\admin_organization_edit.jpg
en\images\admin_zone_alert_add.jpg
en\images\driver_style.jpg
en\images\driver_trips.jpg
en\images\my_account_empty_edit.jpg
en\images\vehicle_seatbelt.jpg
en\images\redflags.jpg
en\images\admin_report_add.jpg
en\images\home_team.jpg
en\images\driver_speed.jpg
en\images\admin_red_flags.jpg
en\images\admin_zone_alerts.jpg
en\images\admin_user_add.jpg
en\images\admin_zone_edit.jpg
en\images\vehicle_performance.jpg
en\images\admin_users.jpg
en\images\admin_speed_by_street.jpg
en\images\vehicle_style.jpg
en\images\vehicle_trips.jpg
en\images\admin_devices.jpg
en\images\idling.jpg
en\images\vehicle_columns.jpg
en\images\driver_columns.jpg
en\images\admin_speed_by_street_click.jpg
ehlpdhtm.js
tiwi_Pro_Portal.ppf
whxdata\package_0.xml
whxdata\package_1.xml
whxdata\package_2.xml
whxdata\package_3.xml
whxdata\package_4.xml
whxdata\package_5.xml
whxdata\package_6.xml
whxdata\package_7.xml
whxdata\package_8.xml
whxdata\package_9.xml
whxdata\packageindex.xml
whxdata\synonym.xml
whxdata\topictable_0.xml
whxdata\topictable_1.xml
whxdata\topictable_2.xml
whxdata\topictable_3.xml
whxdata\topictableindex.xml
whxdata\whfts.xml
whxdata\whtdata0.xml
whxdata\whidata0.xml
whdata\whtdata0.htm
whdata\whidata0.htm
whgdata\whlstt0.htm
whgdata\whlstt1.htm
whgdata\whlstt2.htm
whgdata\whlstt3.htm
whgdata\whlstt4.htm
whgdata\whlstt5.htm
whgdata\whlstt6.htm
whgdata\whlstt7.htm
whgdata\whlstt8.htm
whgdata\whlstt9.htm
whgdata\whlstt10.htm
whgdata\whlstt11.htm
whgdata\whlstt12.htm
whgdata\whlstt13.htm
whgdata\whlsti0.htm
whgdata\whlstfl0.htm
whgdata\whlstfl1.htm
whgdata\whlstfl2.htm
whgdata\whlstfl3.htm
whgdata\whlstfl4.htm
whgdata\whlstfl5.htm
whgdata\whlstfl6.htm
whgdata\whlstfl7.htm
whgdata\whlstfl8.htm
whgdata\whlstfl9.htm
whgdata\whlstfl10.htm
whgdata\whlstfl11.htm
whgdata\whlstfl12.htm
whgdata\whlstfl13.htm
whgdata\whlstfl14.htm
whgdata\whlstfl15.htm
whgdata\whlstfl16.htm
whgdata\whlstfl17.htm
whgdata\whlstfl18.htm
whgdata\whlstfl19.htm
whgdata\whlstfl20.htm
whgdata\whlstfl21.htm
whgdata\whlstfl22.htm
whgdata\whlstfl23.htm
whgdata\whlstfl24.htm
whgdata\whlstf0.htm
whgdata\whlstf1.htm
whgdata\whlstf2.htm
whgdata\whlstf3.htm
whgdata\whlstf4.htm
whgdata\whlstf5.htm
whgdata\whlstf6.htm
whgdata\whlstf7.htm
whgdata\whlstf8.htm
whgdata\whlstf9.htm
whgdata\whlstf10.htm
whgdata\whlstf11.htm
whgdata\whlstf12.htm
whgdata\whlstf13.htm
whgdata\whlstf14.htm
whgdata\whlstf15.htm
whgdata\whlstg0.htm
tiwi_Pro_Portal.htm
tiwi_Pro_Portal_csh.htm
tiwi_Pro_Portal_rhc.htm
