|SourceProjectName:inthinc Portal User Guide.hpr
|DestinationProjectName:inthinc_Portal_User_Guide.htm
whhost.js
whmsg.js
whmozemu.js
whproxy.js
whstub.js
whutils.js
whver.js
whform.js
whphost.js
whstart.js
whtopic.js
whframes.js
whlang.js
whskin_info.htm
whskin_blank.htm
whskin_pickup.htm
whskin_homepage.htm
whskin_tw.htm
whnjs.htm
whthost.js
whtdhtml.htm
whihost.js
whibody.htm
whiform.htm
whfhost.js
whfbody.htm
whfform.htm
whghost.js
whgbody.htm
whgdhtml.htm
whgdef.htm
whproj.js
whproj.xml
whproj.htm
whxdata\whtoc.xml
whxdata\whidx.xml
whxdata\whfts.xml
whxdata\whglo.xml
whdata\whtoc.js
whdata\whtoc.htm
whdata\whtdata.js
whdata\whidx.js
whdata\whidx.htm
whdata\whidata.js
whdata\whfts.js
whdata\whfts.htm
whdata\whglo.js
whdata\whglo.htm
whdata\whgdata.js
whdata\whftdata.js
whdata\whfwdata.js
whres.xml
WebHelp.jar
WebHelp.cab
whgdata\whnvp30.htm
whgdata\whnvp31.htm
whgdata\whnvp32.htm
whgdata\whnvp33.htm
whgdata\whnvt30.htm
whgdata\whnvt31.htm
whgdata\whnvt32.htm
whgdata\whnvt33.htm
whgdata\whnvf30.htm
whgdata\whnvf31.htm
whgdata\whnvf32.htm
whgdata\whnvf33.htm
whgdata\whnvl31.htm
whgdata\whnvl32.htm
whgdata\whnvl33.htm
whgdata\whexpbar.gif
cshdat_webhelp.htm
whcsh_home.htm
whcshdata.htm
cshdat_robohelp.htm
wht_tab0.gif
wht_tab1.gif
wht_tab2.gif
wht_tab3.gif
wht_tab4.gif
wht_tab5.gif
wht_tab6.gif
wht_tab7.gif
wht_tab8.gif
wht_glo_h.gif
wht_glo_n.gif
wht_fts_h.gif
wht_fts_n.gif
wht_idx_h.gif
wht_idx_n.gif
wht_toc_h.gif
wht_toc_n.gif
wht_ws.gif
wht_ws_g.gif
wht_logo1.gif
wht_logo2.gif
wht_abgw.jpg
wht_abgi.jpg
wht_abge.jpg
wht_abtw.jpg
wht_abte.jpg
wht_abti.jpg
wht_spac.gif
wht_next.gif
wht_next_g.gif
wht_prev.gif
wht_prev_g.gif
wht_sync.gif
wht_hide.gif
wht_go.gif
whstart.ico
whestart.ico
whrstart.ico
whidhtml.htm
whfdhtml.htm
whskin_banner.htm
whtbar.js
toolbarNav_print.gif
toolbarNav_print_sel.gif
toolbar_bg.jpg
BV-toolbarIcon_TOC.gif
BV-toolbarIcon_Index.gif
BV-toolbarIcon_Search.gif
BV-toolbarIcon_Glossary.gif
toolbar_searchBtn.gif
toolbar_poweredBy.gif
BV-toolbarIcon_Print.gif
navBar_prev_dis.gif
navBar_prev.gif
navBar_next_dis.gif
navBar_next.gif
navBar_sync.gif
navBar_close.gif
navPane_web.gif
navPane_closedNode.gif
navPane_openNode.gif
navPane_page.gif
whskin_pdhtml.htm
whskin_papplet.htm
whskin_plist.htm
whskin_tbars.htm
whskin_mbars.htm
whskin_frmset010.htm
whst_topics.xml
whskin_frmset01.htm
inthinc_Portal_User_Guide_hha.hhk
inthinc_Portal_User_Guide.hhc
inthinc_Portal_User_Guide.hhk
inthinc_Portal_User_Guide\inthinc_Portal_User_GuideApp_-_FAQ\Appendix_C_-_FAQ_for_Portal_Users.htm
inthinc_Portal_User_Guide\inthinc_Portal_User_GuideApp_-_Notifications\Appendix_B_-_Notification_Samples.htm
inthinc_Portal_User_Guide\inthinc_Portal_User_GuideApp_-_Notifications\Crash_History_Notifications.htm
inthinc_Portal_User_Guide\inthinc_Portal_User_GuideApp_-_Notifications\Diagnostics_Notifications.htm
inthinc_Portal_User_Guide\inthinc_Portal_User_GuideApp_-_Notifications\Emergency_Notifications.htm
inthinc_Portal_User_Guide\inthinc_Portal_User_GuideApp_-_Notifications\HOS_Notifications.htm
inthinc_Portal_User_Guide\inthinc_Portal_User_GuideApp_-_Notifications\Red_Flags_Notifications.htm
inthinc_Portal_User_Guide\inthinc_Portal_User_GuideApp_-_Notifications\Safety_Notifications.htm
inthinc_Portal_User_Guide\inthinc_Portal_User_GuideApp_-_Notifications\Zones_Notifications.htm
inthinc_Portal_User_Guide\inthinc_Portal_User_GuideApp_-_Reports\Appendix_A_-_Report_Samples.htm
inthinc_Portal_User_Guide\inthinc_Portal_User_GuideApp_-_Reports\DOT_Time_Remaining.htm
inthinc_Portal_User_Guide\inthinc_Portal_User_GuideApp_-_Reports\HOS_Daily_Driver_Log_Report.htm
inthinc_Portal_User_Guide\inthinc_Portal_User_GuideApp_-_Reports\HOS_Driver_DOT_Log_Report.htm
inthinc_Portal_User_Guide\inthinc_Portal_User_GuideApp_-_Reports\HOS_Violations_Detail_Report.htm
inthinc_Portal_User_Guide\inthinc_Portal_User_GuideApp_-_Reports\HOS_Violations_Summary_Report.htm
inthinc_Portal_User_Guide\inthinc_Portal_User_GuideApp_-_Reports\HOS_Zero_Miles.htm
inthinc_Portal_User_Guide\inthinc_Portal_User_GuideApp_-_Reports\waySmart™_Driver_Hours_report.htm
inthinc_Portal_User_Guide\inthinc_Portal_User_GuideApp_-_Reports\waySmart™_IFTA_Group_Comparison_by_State.htm
inthinc_Portal_User_Guide\inthinc_Portal_User_GuideApp_-_Reports\waySmart™_Mileage_by_Vehicle.htm
inthinc_Portal_User_Guide\inthinc_Portal_User_GuideApp_-_Reports\waySmart™_Payroll_Report_Driver_Signoff.htm
inthinc_Portal_User_Guide\inthinc_Portal_User_GuideApp_-_Reports\waySmart™_Payroll_Summary_Report.htm
inthinc_Portal_User_Guide\inthinc_Portal_User_GuideApp_-_Reports\waySmart™_State_Mileage_by_Month.htm
inthinc_Portal_User_Guide\inthinc_Portal_User_GuideApp_-_Reports\waySmart™_State_Mileage_by_Vehicle.htm
inthinc_Portal_User_Guide\inthinc_Portal_User_GuideApp_-_Reports\waySmart™_State_Mileage_By_Vehicle_-_Road_Status.htm
inthinc_Portal_User_Guide\inthinc_Portal_User_GuideApp_-_Reports\waySmart™_State_Mileage_Fuel_by_Vehicle.htm
inthinc_Portal_User_Guide\inthinc_Portal_User_GuideApp_-_Reports\waySmart™_Ten_Hour_Day_Violations.htm
inthinc_Portal_User_Guide\inthinc_Portal_User_GuideApp_-_Reports\waySmart™_Warranty_List.htm
inthinc_Portal_User_Guide\inthinc_Portal_User_GuideApp_-_Troubleshoot\Appendix_C_-_Troubleshooting_Guide.htm
inthinc_Portal_User_Guide\inthinc_Portal_User_GuideEndMatter\Glossary.htm
inthinc_Portal_User_Guide\inthinc_Portal_User_GuideEndMatter\Limited_Warranty.htm
inthinc_Portal_User_Guide\inthinc_Portal_User_GuideEndMatter\Privacy_Policy.htm
inthinc_Portal_User_Guide\inthinc_Portal_User_GuideFrontMatter\inthinc_Portal_User_GuideFrontMatter.htm
inthinc_Portal_User_Guide\inthinc_Portal_User_GuideFrontMatter\inthinc®_Portal_User_Guide.htm
inthinc_Portal_User_Guide\inthinc_Portal_User_GuideMain\Add_a_Group.htm
inthinc_Portal_User_Guide\inthinc_Portal_User_GuideMain\Add_a_Red_Flag_Notification.htm
inthinc_Portal_User_Guide\inthinc_Portal_User_GuideMain\Add_a_User.htm
inthinc_Portal_User_Guide\inthinc_Portal_User_GuideMain\Add_a_Vehicle.htm
inthinc_Portal_User_Guide\inthinc_Portal_User_GuideMain\Add_and_Maintain_Fleet_Information.htm
inthinc_Portal_User_Guide\inthinc_Portal_User_GuideMain\Add_or_Edit_a_Crash_Report.htm
inthinc_Portal_User_Guide\inthinc_Portal_User_GuideMain\Admin_Page.htm
inthinc_Portal_User_Guide\inthinc_Portal_User_GuideMain\Compose_a_waySmart™_Text_Message.htm
inthinc_Portal_User_Guide\inthinc_Portal_User_GuideMain\Create_a_Custom_Role.htm
inthinc_Portal_User_Guide\inthinc_Portal_User_GuideMain\Create_a_Zone.htm
inthinc_Portal_User_Guide\inthinc_Portal_User_GuideMain\Customize_Columns_in_Reports_and_Notifica­tions.htm
inthinc_Portal_User_Guide\inthinc_Portal_User_GuideMain\Delete_a_User_Vehicle_or_Device.htm
inthinc_Portal_User_Guide\inthinc_Portal_User_GuideMain\Disable_Crash_Events_Rollover_Events_or_Crash_Data.htm
inthinc_Portal_User_Guide\inthinc_Portal_User_GuideMain\Edit_or_Delete_a_Zone.htm
inthinc_Portal_User_Guide\inthinc_Portal_User_GuideMain\Explore_inthinc®_Portal.htm
inthinc_Portal_User_Guide\inthinc_Portal_User_GuideMain\Export_or_Email_a_Crash_Report.htm
inthinc_Portal_User_Guide\inthinc_Portal_User_GuideMain\Generate_a_waySmart™_Report.htm
inthinc_Portal_User_Guide\inthinc_Portal_User_GuideMain\Generate_HOS_Report_for_a_Group.htm
inthinc_Portal_User_Guide\inthinc_Portal_User_GuideMain\Home_Pages.htm
inthinc_Portal_User_Guide\inthinc_Portal_User_GuideMain\HOS_Page.htm
inthinc_Portal_User_Guide\inthinc_Portal_User_GuideMain\Introduction.htm
inthinc_Portal_User_Guide\inthinc_Portal_User_GuideMain\Live_Fleet_Page.htm
inthinc_Portal_User_Guide\inthinc_Portal_User_GuideMain\Log_In_to_inthinc®_Portal.htm
inthinc_Portal_User_Guide\inthinc_Portal_User_GuideMain\Maintain_Your_Account_Profile.htm
inthinc_Portal_User_Guide\inthinc_Portal_User_GuideMain\Manage_Crash_History_for_inthinc®_Devices.htm
inthinc_Portal_User_Guide\inthinc_Portal_User_GuideMain\Navigation_Tree.htm
inthinc_Portal_User_Guide\inthinc_Portal_User_GuideMain\Notifications_Page.htm
inthinc_Portal_User_Guide\inthinc_Portal_User_GuideMain\Portal_Overview.htm
inthinc_Portal_User_Guide\inthinc_Portal_User_GuideMain\Read_waySmart™_Text_Messages.htm
inthinc_Portal_User_Guide\inthinc_Portal_User_GuideMain\Reports_Page.htm
inthinc_Portal_User_Guide\inthinc_Portal_User_GuideMain\Review_waySmart™_Sent_Messages.htm
inthinc_Portal_User_Guide\inthinc_Portal_User_GuideMain\Set_up_a_Periodic_Report.htm
inthinc_Portal_User_Guide\inthinc_Portal_User_GuideMain\Set_Up_In-Cab_Mentoring.htm
inthinc_Portal_User_Guide\inthinc_Portal_User_GuideMain\Set_Up_Mentoring_Zones_and_Notifications.htm
inthinc_Portal_User_Guide\inthinc_Portal_User_GuideMain\Set_Up_RFID_Card_for_a_Driver_of_tiwi™_Vehicle.htm
inthinc_Portal_User_Guide\inthinc_Portal_User_GuideMain\Submit_Speed-Limit_Change_Request.htm
inthinc_Portal_User_Guide\inthinc_Portal_User_GuideMain\Supported_Browsers.htm
inthinc_Portal_User_Guide\inthinc_Portal_User_GuideMain\Team_Page.htm
inthinc_Portal_User_Guide\inthinc_Portal_User_GuideMain\Toolbar_and_Navigation_Bar.htm
inthinc_Portal_User_Guide\inthinc_Portal_User_GuideMain\Update_a_Device.htm
inthinc_Portal_User_Guide\inthinc_Portal_User_GuideMain\Update_a_User.htm
inthinc_Portal_User_Guide\inthinc_Portal_User_GuideMain\Update_a_Vehicle.htm
inthinc_Portal_User_Guide\inthinc_Portal_User_GuideMain\Use_waySmart™_Messaging_and_Reporting_Features.htm
inthinc_Portal_User_Guide\inthinc_Portal_User_GuideMain\View_a_Device_List.htm
inthinc_Portal_User_Guide\inthinc_Portal_User_GuideMain\View_a_Report.htm
inthinc_Portal_User_Guide\inthinc_Portal_User_GuideMain\View_a_User_List.htm
inthinc_Portal_User_Guide\inthinc_Portal_User_GuideMain\View_a_Vehicle_List.htm
inthinc_Portal_User_Guide\inthinc_Portal_User_GuideMain\View_All_Trips.htm
inthinc_Portal_User_Guide\inthinc_Portal_User_GuideMain\View_Crash_History_for_Group.htm
inthinc_Portal_User_Guide\inthinc_Portal_User_GuideMain\View_Crash_Summary_for_Group_Driver_or_Vehicle.htm
inthinc_Portal_User_Guide\inthinc_Portal_User_GuideMain\View_Driver_or_Vehicle_Performance_Page.htm
inthinc_Portal_User_Guide\inthinc_Portal_User_GuideMain\View_Drivers_Vehicles_Idling_and_Devices_Reports.htm
inthinc_Portal_User_Guide\inthinc_Portal_User_GuideMain\View_Fleet_or_Division_Scores.htm
inthinc_Portal_User_Guide\inthinc_Portal_User_GuideMain\View_HOS_Log_for_a_Driver.htm
inthinc_Portal_User_Guide\inthinc_Portal_User_GuideMain\View_Individual_Crash_Report.htm
inthinc_Portal_User_Guide\inthinc_Portal_User_GuideMain\View_Notifications.htm
inthinc_Portal_User_Guide\inthinc_Portal_User_GuideMain\View_or_Edit_Admin_Portal_Account.htm
inthinc_Portal_User_Guide\inthinc_Portal_User_GuideMain\View_Reports_and_Notifications.htm
inthinc_Portal_User_Guide\inthinc_Portal_User_GuideMain\View_Team_Pages.htm
inthinc_Portal_User_Guide\inthinc_Portal_User_GuideMain\What’s_New_this_Release.htm
Welcome.htm
RoboHHRE.lng
inthinc_Portal_User_Guide.glo
default.css
inthinc_Portal_User_Guide\inthinc_Portal_User_GuideApp_-_FAQ\inthinc_Portal_User_GuideApp_-_FAQ.css
inthinc_Portal_User_Guide\inthinc_Portal_User_GuideApp_-_Notifications\inthinc_Portal_User_GuideApp_-_Notifications.css
inthinc_Portal_User_Guide\inthinc_Portal_User_GuideApp_-_Reports\inthinc_Portal_User_GuideApp_-_Reports.css
inthinc_Portal_User_Guide\inthinc_Portal_User_GuideApp_-_Troubleshoot\inthinc_Portal_User_GuideApp_-_Troubleshoot.css
inthinc_Portal_User_Guide\inthinc_Portal_User_GuideEndMatter\inthinc_Portal_User_GuideEndMatter.css
inthinc_Portal_User_Guide\inthinc_Portal_User_GuideFrontMatter\inthinc_Portal_User_GuideFrontMatter.css
inthinc_Portal_User_Guide\inthinc_Portal_User_GuideMain\inthinc_Portal_User_GuideMain.css
inthinc_Portal_User_Guide\inthinc_Portal_User_GuideMain\notifications_CrashReport.jpg
inthinc_Portal_User_Guide\inthinc_Portal_User_GuideMain\reports_drivers00028.jpg
inthinc_Portal_User_Guide\inthinc_Portal_User_GuideMain\admin_users_delete.jpg
inthinc_Portal_User_Guide\inthinc_Portal_User_GuideMain\admin_users.jpg
inthinc_Portal_User_Guide\inthinc_Portal_User_GuideMain\admin_organization_add.jpg
inthinc_Portal_User_Guide\inthinc_Portal_User_GuideApp_-_Reports\Reports_waySmart_StateMileageByVehicle-RoadStatus.jpg
inthinc_Portal_User_Guide\inthinc_Portal_User_GuideApp_-_Reports\Reports_waySmart_StateMileageByVehicle.jpg
inthinc_Portal_User_Guide\inthinc_Portal_User_GuideApp_-_Reports\Reports_waySmart_StateMileageByMonth_Results.jpg
inthinc_Portal_User_Guide\inthinc_Portal_User_GuideApp_-_Reports\HOS_Reports_HOSViolationsSummaryReport.jpg
inthinc_Portal_User_Guide\inthinc_Portal_User_GuideApp_-_Notifications\notifications_RedFlags00041.jpg
inthinc_Portal_User_Guide\inthinc_Portal_User_GuideApp_-_Notifications\notifications_Emergency.jpg
inthinc_Portal_User_Guide\inthinc_Portal_User_GuideApp_-_Notifications\notifications_RedFlags_Alert_AlertDetails.jpg
inthinc_Portal_User_Guide\inthinc_Portal_User_GuideMain\live_fleet.jpg
inthinc_Portal_User_Guide\inthinc_Portal_User_GuideMain\HOS_Driver_Logs_DriverSelected.jpg
inthinc_Portal_User_Guide\inthinc_Portal_User_GuideMain\notifications_RedFlags00033.jpg
inthinc_Portal_User_Guide\inthinc_Portal_User_GuideMain\admin_device_Speed-Sensitivity.jpg
inthinc_Portal_User_Guide\inthinc_Portal_User_GuideMain\NTPstop_report.png
inthinc_Portal_User_Guide\inthinc_Portal_User_GuideMain\HOS_Reports_ReportMenu.jpg
inthinc_Portal_User_Guide\inthinc_Portal_User_GuideMain\Reports_waySmart_ReportMenu.jpg
inthinc_Portal_User_Guide\inthinc_Portal_User_GuideApp_-_Notifications\notifications_Diagnostics_Categories_cropped.jpg
inthinc_Portal_User_Guide\inthinc_Portal_User_GuideMain\NTPSpeedScore.png
inthinc_Portal_User_Guide\inthinc_Portal_User_GuideMain\RFID_Card_BarCode.jpg
inthinc_Portal_User_Guide\inthinc_Portal_User_GuideApp_-_Reports\Reports_waySmart_StateMileageFuelByVehicle.jpg
inthinc_Portal_User_Guide\inthinc_Portal_User_GuideMain\admin_devices.jpg
inthinc_Portal_User_Guide\inthinc_Portal_User_GuideMain\my_account.jpg
inthinc_Portal_User_Guide\inthinc_Portal_User_GuideMain\inthinc_Portal_User_GuideMain00010.jpg
inthinc_Portal_User_Guide\inthinc_Portal_User_GuideMain\Toolbar_MyMessages_Compose.jpg
inthinc_Portal_User_Guide\inthinc_Portal_User_GuideApp_-_Reports\Reports_waySmart_PayrollSummaryReport.jpg
inthinc_Portal_User_Guide\inthinc_Portal_User_GuideApp_-_Notifications\notifications_HOS_Categories_cropped.jpg
inthinc_Portal_User_Guide\inthinc_Portal_User_GuideMain\HOS_Driver_Logs.jpg
inthinc_Portal_User_Guide\inthinc_Portal_User_GuideMain\admin_vehicles.jpg
inthinc_Portal_User_Guide\inthinc_Portal_User_GuideMain\Toolbar_MyMessages_Sent.jpg
inthinc_Portal_User_Guide\inthinc_Portal_User_GuideMain\home_with_tree.jpg
inthinc_Portal_User_Guide\inthinc_Portal_User_GuideMain\home_fleet.jpg
inthinc_Portal_User_Guide\inthinc_Portal_User_GuideApp_-_Reports\Reports_waySmart_TenHourDay_HTML.jpg
inthinc_Portal_User_Guide\inthinc_Portal_User_GuideApp_-_Reports\HOS_Reports_HOSZeroMiles.jpg
inthinc_Portal_User_Guide\inthinc_Portal_User_GuideMain\inthinc_Portal_User_GuideMain00034.jpg
inthinc_Portal_User_Guide\inthinc_Portal_User_GuideMain\GPSicon_green.png
inthinc_Portal_User_Guide\inthinc_Portal_User_GuideMain\admin_device_edit.jpg
inthinc_Portal_User_Guide\inthinc_Portal_User_GuideMain\home_team.jpg
inthinc_Portal_User_Guide\inthinc_Portal_User_GuideMain\inthinc_Portal_User_GuideMain00023.jpg
inthinc_Portal_User_Guide\inthinc_Portal_User_GuideApp_-_Notifications\notifications_HOS.jpg
inthinc_Portal_User_Guide\inthinc_Portal_User_GuideMain\admin_users_edit.jpg
inthinc_Portal_User_Guide\inthinc_Portal_User_GuideMain\NTPTodayFullTrip.jpg
inthinc_Portal_User_Guide\inthinc_Portal_User_GuideMain\reports_drivers.jpg
inthinc_Portal_User_Guide\inthinc_Portal_User_GuideMain\inthinc_Portal_User_GuideMain00024.jpg
inthinc_Portal_User_Guide\inthinc_Portal_User_GuideMain\admin_vehicle_add.jpg
inthinc_Portal_User_Guide\inthinc_Portal_User_GuideApp_-_Reports\Reports_waySmart_DriverHours.jpg
inthinc_Portal_User_Guide\inthinc_Portal_User_GuideApp_-_Reports\HOS_Reports_HOSDriverDOTLogReport.jpg
inthinc_Portal_User_Guide\inthinc_Portal_User_GuideApp_-_Reports\HOS_Reports_DOTtimeRemaining.jpg
inthinc_Portal_User_Guide\inthinc_Portal_User_GuideMain\admin_users00014.jpg
inthinc_Portal_User_Guide\inthinc_Portal_User_GuideMain\GPSicon_unknown.png
inthinc_Portal_User_Guide\inthinc_Portal_User_GuideMain\Header00001.jpg
inthinc_Portal_User_Guide\inthinc_Portal_User_GuideMain\admin_speed_by_street.jpg
inthinc_Portal_User_Guide\inthinc_Portal_User_GuideMain\inthinc_Portal_User_GuideMain00025.jpg
inthinc_Portal_User_Guide\inthinc_Portal_User_GuideMain\admin_red_flags_add_emergency.jpg
inthinc_Portal_User_Guide\inthinc_Portal_User_GuideApp_-_Reports\Reports_waySmart_WarrantyList.jpg
inthinc_Portal_User_Guide\inthinc_Portal_User_GuideApp_-_Notifications\notifications_Safety.jpg
inthinc_Portal_User_Guide\inthinc_Portal_User_GuideApp_-_Notifications\notifications_RedFlags.jpg
inthinc_Portal_User_Guide\inthinc_Portal_User_GuideMain\admin_users00015.jpg
inthinc_Portal_User_Guide\inthinc_Portal_User_GuideMain\admin_report_add_type.jpg
inthinc_Portal_User_Guide\inthinc_Portal_User_GuideMain\notifications_RedFlags.jpg
inthinc_Portal_User_Guide\inthinc_Portal_User_GuideMain\HOS_Reports_ReportMenu00035.jpg
inthinc_Portal_User_Guide\inthinc_Portal_User_GuideMain\inthinc_Portal_User_GuideMain00026.jpg
inthinc_Portal_User_Guide\inthinc_Portal_User_GuideApp_-_Notifications\inthinc_Portal_User_GuideApp_-_Notifications00040.jpg
inthinc_Portal_User_Guide\inthinc_Portal_User_GuideMain\GPSicon_redx.jpg
inthinc_Portal_User_Guide\inthinc_Portal_User_GuideMain\NTPLiveTeam.jpg
inthinc_Portal_User_Guide\inthinc_Portal_User_GuideMain\admin_users_add.png
inthinc_Portal_User_Guide\inthinc_Portal_User_GuideApp_-_Notifications\notifications_Emergency_Categories_cropped.jpg
inthinc_Portal_User_Guide\inthinc_Portal_User_GuideMain\NTPDrivingStyle.png
inthinc_Portal_User_Guide\inthinc_Portal_User_GuideMain\NTPOverallScore.png
inthinc_Portal_User_Guide\inthinc_Portal_User_GuideApp_-_Reports\HOS_Reports_HOSdailyDriverLogReport_group.jpg
inthinc_Portal_User_Guide\inthinc_Portal_User_GuideApp_-_Notifications\notifications_Zones_Categories_cropped.jpg
inthinc_Portal_User_Guide\inthinc_Portal_User_GuideApp_-_Notifications\notifications_Safety_Categories_cropped.jpg
inthinc_Portal_User_Guide\inthinc_Portal_User_GuideMain\inthinc_Portal_User_GuideMain00029.jpg
inthinc_Portal_User_Guide\inthinc_Portal_User_GuideMain\notifications_CrashHistory.jpg
inthinc_Portal_User_Guide\inthinc_Portal_User_GuideMain\driver_performance.jpg
inthinc_Portal_User_Guide\inthinc_Portal_User_GuideMain\Toolbar_MyMessages_Inbox.jpg
inthinc_Portal_User_Guide\inthinc_Portal_User_GuideMain\admin_zones.jpg
inthinc_Portal_User_Guide\inthinc_Portal_User_GuideMain\admin_red_flags_add_zones.jpg
inthinc_Portal_User_Guide\inthinc_Portal_User_GuideApp_-_Reports\Reports_waySmart_GroupComparisonByState-Province.jpg
inthinc_Portal_User_Guide\inthinc_Portal_User_GuideApp_-_Reports\HOS_Reports_HOSViolationsDetailReport.jpg
inthinc_Portal_User_Guide\inthinc_Portal_User_GuideApp_-_Notifications\notifications_Diagnostics.jpg
inthinc_Portal_User_Guide\inthinc_Portal_User_GuideMain\inthinc_Portal_User_GuideMain00008.jpg
inthinc_Portal_User_Guide\inthinc_Portal_User_GuideMain\NTPDriverStats.jpg
inthinc_Portal_User_Guide\inthinc_Portal_User_GuideApp_-_Notifications\notifications_Zones.jpg
inthinc_Portal_User_Guide\inthinc_Portal_User_GuideMain\inthinc_Portal_User_GuideMain00009.jpg
inthinc_Portal_User_Guide\inthinc_Portal_User_GuideMain\home_button_with_dropdown.jpg
inthinc_Portal_User_Guide\inthinc_Portal_User_GuideMain\admin_account.jpg
inthinc_Portal_User_Guide\inthinc_Portal_User_GuideMain\driver_trips.jpg
inthinc_Portal_User_Guide\inthinc_Portal_User_GuideMain\devices.jpg
inthinc_Portal_User_Guide\inthinc_Portal_User_GuideMain\notifications_CrashHistory00036.jpg
inthinc_Portal_User_Guide\inthinc_Portal_User_GuideApp_-_Reports\Reports_waySmart_MileageByVehicle.jpg
inthinc_Portal_User_Guide\inthinc_Portal_User_GuideApp_-_Notifications\inthinc_Portal_User_GuideApp_-_Notifications00057.jpg
inthinc_Portal_User_Guide\inthinc_Portal_User_GuideMain\admin_account_edit.jpg
inthinc_Portal_User_Guide\inthinc_Portal_User_GuideMain\reports_drivers00027.jpg
inthinc_Portal_User_Guide\inthinc_Portal_User_GuideMain\Header.jpg
inthinc_Portal_User_Guide\inthinc_Portal_User_GuideMain\redflags_columns.jpg
inthinc_Portal_User_Guide\inthinc_Portal_User_GuideApp_-_Reports\Reports_waySmart_PayrollReportDriverSignoff--driver.jpg
ehlpdhtm.js
inthinc_Portal_User_Guide.ppf
inthinc_Portal_User_Guide\inthinc_Portal_User_GuideApp_-_FAQ\inthinc_Portal_User_GuideApp_-_FAQ_ns.css
inthinc_Portal_User_Guide\inthinc_Portal_User_GuideApp_-_Notifications\inthinc_Portal_User_GuideApp_-_Notifications_ns.css
inthinc_Portal_User_Guide\inthinc_Portal_User_GuideApp_-_Reports\inthinc_Portal_User_GuideApp_-_Reports_ns.css
inthinc_Portal_User_Guide\inthinc_Portal_User_GuideApp_-_Troubleshoot\inthinc_Portal_User_GuideApp_-_Troubleshoot_ns.css
inthinc_Portal_User_Guide\inthinc_Portal_User_GuideEndMatter\inthinc_Portal_User_GuideEndMatter_ns.css
inthinc_Portal_User_Guide\inthinc_Portal_User_GuideFrontMatter\inthinc_Portal_User_GuideFrontMatter_ns.css
inthinc_Portal_User_Guide\inthinc_Portal_User_GuideMain\inthinc_Portal_User_GuideMain_ns.css
default_ns.css
whxdata\whtdata0.xml
whxdata\whtdata1.xml
whxdata\whidata0.xml
whxdata\whidata1.xml
whxdata\whidata2.xml
whxdata\whftdata0.xml
whxdata\whftdata1.xml
whxdata\whfwdata0.xml
whxdata\whfwdata1.xml
whxdata\whfwdata2.xml
whxdata\whfwdata3.xml
whxdata\whfwdata4.xml
whxdata\whfwdata5.xml
whxdata\whfwdata6.xml
whxdata\whfwdata7.xml
whxdata\whfwdata8.xml
whdata\whtdata0.htm
whdata\whtdata1.htm
whdata\whidata0.htm
whdata\whidata1.htm
whdata\whidata2.htm
whdata\whftdata0.htm
whdata\whftdata1.htm
whdata\whfwdata0.htm
whdata\whfwdata1.htm
whdata\whfwdata2.htm
whdata\whfwdata3.htm
whdata\whfwdata4.htm
whdata\whfwdata5.htm
whdata\whfwdata6.htm
whdata\whfwdata7.htm
whdata\whfwdata8.htm
whgdata\whlstt0.htm
whgdata\whlstt1.htm
whgdata\whlstt2.htm
whgdata\whlstt3.htm
whgdata\whlstt4.htm
whgdata\whlstt5.htm
whgdata\whlstt6.htm
whgdata\whlstt7.htm
whgdata\whlstt8.htm
whgdata\whlstt9.htm
whgdata\whlsti0.htm
whgdata\whlsti1.htm
whgdata\whlstfl0.htm
whgdata\whlstfl1.htm
whgdata\whlstfl2.htm
whgdata\whlstfl3.htm
whgdata\whlstfl4.htm
whgdata\whlstfl5.htm
whgdata\whlstfl6.htm
whgdata\whlstfl7.htm
whgdata\whlstfl8.htm
whgdata\whlstfl9.htm
whgdata\whlstfl10.htm
whgdata\whlstfl11.htm
whgdata\whlstfl12.htm
whgdata\whlstfl13.htm
whgdata\whlstfl14.htm
whgdata\whlstfl15.htm
whgdata\whlstfl16.htm
whgdata\whlstfl17.htm
whgdata\whlstfl18.htm
whgdata\whlstfl19.htm
whgdata\whlstfl20.htm
whgdata\whlstfl21.htm
whgdata\whlstfl22.htm
whgdata\whlstfl23.htm
whgdata\whlstfl24.htm
whgdata\whlstf0.htm
whgdata\whlstf1.htm
whgdata\whlstf2.htm
whgdata\whlstf3.htm
whgdata\whlstf4.htm
whgdata\whlstf5.htm
whgdata\whlstf6.htm
whgdata\whlstf7.htm
whgdata\whlstf8.htm
whgdata\whlstf9.htm
whgdata\whlstf10.htm
whgdata\whlstf11.htm
whgdata\whlstf12.htm
whgdata\whlstf13.htm
whgdata\whlstf14.htm
whgdata\whlstf15.htm
whgdata\whlstf16.htm
whgdata\whlstf17.htm
whgdata\whlstf18.htm
whgdata\whlstf19.htm
whgdata\whlstf20.htm
whgdata\whlstg0.htm
inthinc_Portal_User_Guide.htm
inthinc_Portal_User_Guide_csh.htm
inthinc_Portal_User_Guide_rhc.htm
